<?xml version="1.0" encoding="UTF-8"?>
<testsuite xmlns:xsi="http://www.w3.org/2001/XMLSchema-instance" xsi:noNamespaceSchemaLocation="https://maven.apache.org/surefire/maven-surefire-plugin/xsd/surefire-test-report-3.0.xsd" version="3.0" name="com.rps.springbootdemo.SpringBootDemoApplicationTests" time="0.991" tests="1" errors="0" skipped="0" failures="0">
  <properties>
[...]
</properties>
  <testcase name="contextLoads" classname="com.rps.springbootdemo.SpringBootDemoApplicationTests" time="0.38">
    <system-out><![CDATA[16:36:06.972 [main] INFO org.springframework.test.context.support.AnnotationConfigContextLoaderUtils -- Could not detect default configuration classes for test class [com.rps.springbootdemo.SpringBootDemoApplicationTests]: SpringBootDemoApplicationTests does not declare any static, non-private, non-final, nested classes annotated with @Configuration.
16:36:07.011 [main] INFO org.springframework.boot.test.context.SpringBootTestContextBootstrapper -- Found @SpringBootConfiguration com.rps.springbootdemo.SpringBootDemoApplication for test class com.rps.springbootdemo.SpringBootDemoApplicationTests
16:36:07.055 [main] INFO org.springframework.boot.devtools.restart.RestartApplicationListener -- Restart disabled due to context in which it is running

  .   ____          _            __ _ _
 /\\ / ___'_ __ _ _(_)_ __  __ _ \ \ \ \
( ( )\___ | '_ | '_| | '_ \/ _` | \ \ \ \
 \\/  ___)| |_)| | | | | || (_| |  ) ) ) )
  '  |____| .__|_| |_|_| |_\__, | / / / /
 =========|_|==============|___/=/_/_/_/
 :: Spring Boot ::                (v3.1.9)

2024-03-11T16:36:07.135+05:30  INFO 16085 --- [           main] c.r.s.SpringBootDemoApplicationTests     : Starting SpringBootDemoApplicationTests using Java 17.0.8 with PID 16085 (started by puneetvashisht in /Users/puneetvashisht/work/trainings/spring-microservices-rps/spring-boot/spring-boot-demo)
2024-03-11T16:36:07.136+05:30  INFO 16085 --- [           main] c.r.s.SpringBootDemoApplicationTests     : No active profile set, falling back to 1 default profile: "default"
2024-03-11T16:36:07.513+05:30  INFO 16085 --- [           main] c.r.s.SpringBootDemoApplicationTests     : Started SpringBootDemoApplicationTests in 0.461 seconds (process running for 0.792)
]]></system-out>
  </testcase>
</testsuite>